<?xml version="1.0" encoding="UTF-8"?>
<!-- Generated by org.testng.reporters.JUnitReportReporter -->
<testsuite hostname="US107507WIN" failures="0" tests="1" name="TestCases.LoginTest" time="0.406" errors="0" timestamp="2021-07-31T10:00:28 EEST" skipped="0">
  <testcase classname="TestCases.LoginTest" name="FakerDataGenerator" time="0.406"/>
  <system-out/>
</testsuite> <!-- TestCases.LoginTest -->
