<?xml version="1.0" encoding="UTF-8"?>
<!-- Generated by org.testng.reporters.JUnitReportReporter -->
<testsuite hostname="US107507WIN" failures="0" tests="1" name="TestCases.LoginTest" time="15.055" errors="0" timestamp="2021-07-27T15:58:18 EEST" skipped="0">
  <testcase classname="TestCases.LoginTest" name="SuccessfulLogin" time="15.055"/>
  <system-out/>
</testsuite> <!-- TestCases.LoginTest -->
