<?xml version="1.0" encoding="UTF-8"?>
<!-- Generated by org.testng.reporters.JUnitReportReporter -->
<testsuite hostname="US107507WIN" failures="0" tests="1" name="TestCases.LoginTest" time="10.661" errors="0" timestamp="2021-07-25T13:54:45 EEST" skipped="0">
  <testcase classname="TestCases.LoginTest" name="SuccessfulLogin" time="10.661"/>
  <system-out/>
</testsuite> <!-- TestCases.LoginTest -->
